<?xml version="1.0" encoding="utf-8"?>
<coverage line-rate="0.6125" branch-rate="0.5791" version="1.9" timestamp="1788826295" lines-covered="645" lines-valid="1053" branches-covered="194" branches-valid="335">
  <sources>
    <source>C:\Users\byter\Documents\GitHub\oneid-oauth-middleware\src\AspNet.Security.OAuth.OneID\</source>
  </sources>
  <packages>
    <package name="AspNet.Security.OAuth.OneID" line-rate="0.6125" branch-rate="0.5791" complexity="425">
      <classes>
        <class name="AspNet.Security.OAuth.OneID.OneIdAuthenticationBackChannelHandler" filename="OneIdAuthenticationBackChannelHandler.cs" line-rate="0.7924" branch-rate="0.6363" complexity="24">
          <methods>
            <method name="ParseFormBody" signature="(System.String)" line-rate="0.7142000000000001" branch-rate="0.5714" complexity="14">
              <lines>
                <line number="136" hits="1" branch="False" />
                <line number="137" hits="1" branch="True" condition-coverage="50% (1/2)">
                  <conditions>
                    <condition number="9" type="jump" coverage="50%" />
                  </conditions>
                </line>
                <line number="138" hits="0" branch="False" />
                <line number="139" hits="0" branch="False" />
                <line number="142" hits="1" branch="True" condition-coverage="50% (1/2)">
                  <conditions>
                    <condition number="37" type="jump" coverage="50%" />
                  </conditions>
                </line>
                <line number="143" hits="1" branch="False" />
                <line number="144" hits="17" branch="True" condition-coverage="100% (2/2)">
                  <conditions>
                    <condition number="202" type="jump" coverage="100%" />
                  </conditions>
                </line>
                <line number="145" hits="7" branch="False" />
                <line number="146" hits="7" branch="True" condition-coverage="50% (1/2)">
                  <conditions>
                    <condition number="97" type="jump" coverage="50%" />
                  </conditions>
                </line>
                <line number="147" hits="0" branch="False" />
                <line number="148" hits="0" branch="False" />
                <line number="151" hits="7" branch="False" />
                <line number="152" hits="7" branch="False" />
                <line number="153" hits="7" branch="True" condition-coverage="50% (1/2)">
                  <conditions>
                    <condition number="139" type="jump" coverage="50%" />
                  </conditions>
                </line>
                <line number="154" hits="0" branch="False" />
                <line number="155" hits="0" branch="False" />
                <line number="158" hits="7" branch="True" condition-coverage="50% (2/4)">
                  <conditions>
                    <condition number="149" type="jump" coverage="50%" />
                    <condition number="168" type="jump" coverage="50%" />
                  </conditions>
                </line>
                <line number="159" hits="7" branch="False" />
                <line number="160" hits="7" branch="False" />
                <line number="162" hits="1" branch="False" />
                <line number="163" hits="1" branch="False" />
              </lines>
            </method>
            <method name="TryImportWithFallback" signature="(System.Byte[],System.String)" line-rate="0.6666" branch-rate="0.5" complexity="4">
              <lines>
                <line number="238" hits="1" branch="False" />
                <line number="239" hits="1" branch="True" condition-coverage="50% (1/2)">
                  <conditions>
                    <condition number="8" type="jump" coverage="50%" />
                  </conditions>
                </line>
                <line number="240" hits="0" branch="False" />
                <line number="241" hits="0" branch="False" />
                <line number="244" hits="1" branch="False" />
                <line number="246" hits="1" branch="False" />
                <line number="248" hits="1" branch="False" />
                <line number="249" hits="1" branch="False" />
                <line number="251" hits="4" branch="True" condition-coverage="50% (1/2)">
                  <conditions>
                    <condition number="92" type="jump" coverage="50%" />
                  </conditions>
                </line>
                <line number="252" hits="1" branch="False" />
                <line number="253" hits="2" branch="False" />
                <line number="254" hits="0" branch="False" />
                <line number="255" hits="0" branch="False" />
                <line number="257" hits="0" branch="False" />
                <line number="258" hits="1" branch="False" />
              </lines>
            </method>
            <method name="Dispose" signature="(System.Boolean)" line-rate="1" branch-rate="1" complexity="4">
              <lines>
                <line number="261" hits="5" branch="False" />
                <line number="262" hits="5" branch="True" condition-coverage="100% (2/2)">
                  <conditions>
                    <condition number="4" type="jump" coverage="100%" />
                  </conditions>
                </line>
                <line number="263" hits="5" branch="False" />
                <line number="264" hits="5" branch="False" />
                <line number="265" hits="5" branch="False" />
                <line number="266" hits="5" branch="True" condition-coverage="100% (2/2)">
                  <conditions>
                    <condition number="33" type="jump" coverage="100%" />
                  </conditions>
                </line>
                <line number="267" hits="5" branch="False" />
                <line number="268" hits="5" branch="False" />
                <line number="269" hits="5" branch="False" />
                <line number="271" hits="5" branch="False" />
                <line number="272" hits="5" branch="False" />
              </lines>
            </method>
            <method name=".ctor" signature="(AspNet.Security.OAuth.OneID.OneIdAuthenticationOptions)" line-rate="1" branch-rate="1" complexity="1">
              <lines>
                <line number="64" hits="47" branch="False" />
                <line number="72" hits="47" branch="False" />
                <line number="73" hits="47" branch="False" />
                <line number="74" hits="47" branch="False" />
                <line number="75" hits="47" branch="False" />
              </lines>
            </method>
            <method name=".cctor" signature="()" line-rate="1" branch-rate="1" complexity="1">
              <lines>
                <line number="62" hits="1" branch="False" />
              </lines>
            </method>
          </methods>
          <lines>
            <line number="136" hits="1" branch="False" />
            <line number="137" hits="1" branch="True" condition-coverage="50% (1/2)">
              <conditions>
                <condition number="9" type="jump" coverage="50%" />
              </conditions>
            </line>
            <line number="138" hits="0" branch="False" />
            <line number="139" hits="0" branch="False" />
            <line number="142" hits="1" branch="True" condition-coverage="50% (1/2)">
              <conditions>
                <condition number="37" type="jump" coverage="50%" />
              </conditions>
            </line>
            <line number="143" hits="1" branch="False" />
            <line number="144" hits="17" branch="True" condition-coverage="100% (2/2)">
              <conditions>
                <condition number="202" type="jump" coverage="100%" />
              </conditions>
            </line>
            <line number="145" hits="7" branch="False" />
            <line number="146" hits="7" branch="True" condition-coverage="50% (1/2)">
              <conditions>
                <condition number="97" type="jump" coverage="50%" />
              </conditions>
            </line>
            <line number="147" hits="0" branch="False" />
            <line number="148" hits="0" branch="False" />
            <line number="151" hits="7" branch="False" />
            <line number="152" hits="7" branch="False" />
            <line number="153" hits="7" branch="True" condition-coverage="50% (1/2)">
              <conditions>
                <condition number="139" type="jump" coverage="50%" />
              </conditions>
            </line>
            <line number="154" hits="0" branch="False" />
            <line number="155" hits="0" branch="False" />
            <line number="158" hits="7" branch="True" condition-coverage="50% (2/4)">
              <conditions>
                <condition number="149" type="jump" coverage="50%" />
                <condition number="168" type="jump" coverage="50%" />
              </conditions>
            </line>
            <line number="159" hits="7" branch="False" />
            <line number="160" hits="7" branch="False" />
            <line number="162" hits="1" branch="False" />
            <line number="163" hits="1" branch="False" />
            <line number="238" hits="1" branch="False" />
            <line number="239" hits="1" branch="True" condition-coverage="50% (1/2)">
              <conditions>
                <condition number="8" type="jump" coverage="50%" />
              </conditions>
            </line>
            <line number="240" hits="0" branch="False" />
            <line number="241" hits="0" branch="False" />
            <line number="244" hits="1" branch="False" />
            <line number="246" hits="1" branch="False" />
            <line number="248" hits="1" branch="False" />
            <line number="249" hits="1" branch="False" />
            <line number="251" hits="4" branch="True" condition-coverage="50% (1/2)">
              <conditions>
                <condition number="92" type="jump" coverage="50%" />
              </conditions>
            </line>
            <line number="252" hits="1" branch="False" />
            <line number="253" hits="2" branch="False" />
            <line number="254" hits="0" branch="False" />
            <line number="255" hits="0" branch="False" />
            <line number="257" hits="0" branch="False" />
            <line number="258" hits="1" branch="False" />
            <line number="261" hits="5" branch="False" />
            <line number="262" hits="5" branch="True" condition-coverage="100% (2/2)">
              <conditions>
                <condition number="4" type="jump" coverage="100%" />
              </conditions>
            </line>
            <line number="263" hits="5" branch="False" />
            <line number="264" hits="5" branch="False" />
            <line number="265" hits="5" branch="False" />
            <line number="266" hits="5" branch="True" condition-coverage="100% (2/2)">
              <conditions>
                <condition number="33" type="jump" coverage="100%" />
              </conditions>
            </line>
            <line number="267" hits="5" branch="False" />
            <line number="268" hits="5" branch="False" />
            <line number="269" hits="5" branch="False" />
            <line number="271" hits="5" branch="False" />
            <line number="272" hits="5" branch="False" />
            <line number="64" hits="47" branch="False" />
            <line number="72" hits="47" branch="False" />
            <line number="73" hits="47" branch="False" />
            <line number="74" hits="47" branch="False" />
            <line number="75" hits="47" branch="False" />
            <line number="62" hits="1" branch="False" />
          </lines>
        </class>
        <class name="AspNet.Security.OAuth.OneID.OneIdAuthenticationBackChannelHandler/&lt;GetClientCertificateAsync&gt;d__7" filename="OneIdAuthenticationBackChannelHandler.cs" line-rate="0.7906" branch-rate="0.8125" complexity="16">
          <methods>
            <method name="MoveNext" signature="()" line-rate="0.7906" branch-rate="0.8125" complexity="16">
              <lines>
                <line number="170" hits="3" branch="False" />
                <line number="171" hits="3" branch="False" />
                <line number="172" hits="3" branch="False" />
                <line number="173" hits="3" branch="True" condition-coverage="50% (1/2)">
                  <conditions>
                    <condition number="77" type="jump" coverage="50%" />
                  </conditions>
                </line>
                <line number="174" hits="0" branch="False" />
                <line number="176" hits="0" branch="False" />
                <line number="181" hits="3" branch="False" />
                <line number="183" hits="3" branch="True" condition-coverage="100% (4/4)">
                  <conditions>
                    <condition number="153" type="jump" coverage="100%" />
                    <condition number="184" type="jump" coverage="100%" />
                  </conditions>
                </line>
                <line number="184" hits="3" branch="False" />
                <line number="185" hits="1" branch="False" />
                <line number="186" hits="1" branch="False" />
                <line number="187" hits="1" branch="False" />
                <line number="190" hits="2" branch="False" />
                <line number="191" hits="2" branch="True" condition-coverage="50% (1/2)">
                  <conditions>
                    <condition number="233" type="jump" coverage="50%" />
                  </conditions>
                </line>
                <line number="192" hits="0" branch="False" />
                <line number="193" hits="0" branch="False" />
                <line number="194" hits="0" branch="False" />
                <line number="195" hits="0" branch="False" />
                <line number="196" hits="2" branch="True" condition-coverage="100% (2/2)">
                  <conditions>
                    <condition number="330" type="jump" coverage="100%" />
                  </conditions>
                </line>
                <line number="197" hits="1" branch="False" />
                <line number="199" hits="1" branch="False" />
                <line number="203" hits="1" branch="False" />
                <line number="204" hits="1" branch="True" condition-coverage="100% (2/2)">
                  <conditions>
                    <condition number="524" type="jump" coverage="100%" />
                  </conditions>
                </line>
                <line number="205" hits="1" branch="False" />
                <line number="206" hits="1" branch="False" />
                <line number="207" hits="1" branch="False" />
                <line number="209" hits="1" branch="False" />
                <line number="210" hits="1" branch="False" />
                <line number="212" hits="2" branch="True" condition-coverage="100% (2/2)">
                  <conditions>
                    <condition number="616" type="jump" coverage="100%" />
                  </conditions>
                </line>
                <line number="213" hits="1" branch="False" />
                <line number="214" hits="1" branch="False" />
                <line number="215" hits="1" branch="False" />
                <line number="218" hits="1" branch="False" />
                <line number="219" hits="1" branch="False" />
                <line number="220" hits="1" branch="True" condition-coverage="50% (1/2)">
                  <conditions>
                    <condition number="691" type="jump" coverage="50%" />
                  </conditions>
                </line>
                <line number="221" hits="1" branch="False" />
                <line number="222" hits="1" branch="False" />
                <line number="223" hits="1" branch="False" />
                <line number="225" hits="0" branch="False" />
                <line number="226" hits="0" branch="False" />
                <line number="227" hits="0" branch="False" />
                <line number="230" hits="1" branch="False" />
                <line number="235" hits="1" branch="False" />
              </lines>
            </method>
          </methods>
          <lines>
            <line number="170" hits="3" branch="False" />
            <line number="171" hits="3" branch="False" />
            <line number="172" hits="3" branch="False" />
            <line number="173" hits="3" branch="True" condition-coverage="50% (1/2)">
              <conditions>
                <condition number="77" type="jump" coverage="50%" />
              </conditions>
            </line>
            <line number="174" hits="0" branch="False" />
            <line number="176" hits="0" branch="False" />
            <line number="181" hits="3" branch="False" />
            <line number="183" hits="3" branch="True" condition-coverage="100% (4/4)">
              <conditions>
                <condition number="153" type="jump" coverage="100%" />
                <condition number="184" type="jump" coverage="100%" />
              </conditions>
            </line>
            <line number="184" hits="3" branch="False" />
            <line number="185" hits="1" branch="False" />
            <line number="186" hits="1" branch="False" />
            <line number="187" hits="1" branch="False" />
            <line number="190" hits="2" branch="False" />
            <line number="191" hits="2" branch="True" condition-coverage="50% (1/2)">
              <conditions>
                <condition number="233" type="jump" coverage="50%" />
              </conditions>
            </line>
            <line number="192" hits="0" branch="False" />
            <line number="193" hits="0" branch="False" />
            <line number="194" hits="0" branch="False" />
            <line number="195" hits="0" branch="False" />
            <line number="196" hits="2" branch="True" condition-coverage="100% (2/2)">
              <conditions>
                <condition number="330" type="jump" coverage="100%" />
              </conditions>
            </line>
            <line number="197" hits="1" branch="False" />
            <line number="199" hits="1" branch="False" />
            <line number="203" hits="1" branch="False" />
            <line number="204" hits="1" branch="True" condition-coverage="100% (2/2)">
              <conditions>
                <condition number="524" type="jump" coverage="100%" />
              </conditions>
            </line>
            <line number="205" hits="1" branch="False" />
            <line number="206" hits="1" branch="False" />
            <line number="207" hits="1" branch="False" />
            <line number="209" hits="1" branch="False" />
            <line number="210" hits="1" branch="False" />
            <line number="212" hits="2" branch="True" condition-coverage="100% (2/2)">
              <conditions>
                <condition number="616" type="jump" coverage="100%" />
              </conditions>
            </line>
            <line number="213" hits="1" branch="False" />
            <line number="214" hits="1" branch="False" />
            <line number="215" hits="1" branch="False" />
            <line number="218" hits="1" branch="False" />
            <line number="219" hits="1" branch="False" />
            <line number="220" hits="1" branch="True" condition-coverage="50% (1/2)">
              <conditions>
                <condition number="691" type="jump" coverage="50%" />
              </conditions>
            </line>
            <line number="221" hits="1" branch="False" />
            <line number="222" hits="1" branch="False" />
            <line number="223" hits="1" branch="False" />
            <line number="225" hits="0" branch="False" />
            <line number="226" hits="0" branch="False" />
            <line number="227" hits="0" branch="False" />
            <line number="230" hits="1" branch="False" />
            <line number="235" hits="1" branch="False" />
          </lines>
        </class>
        <class name="AspNet.Security.OAuth.OneID.OneIdAuthenticationBackChannelHandler/&lt;SendAsync&gt;d__5" filename="OneIdAuthenticationBackChannelHandler.cs" line-rate="0.9704999999999999" branch-rate="1" complexity="2">
          <methods>
            <method name="MoveNext" signature="()" line-rate="0.9704999999999999" branch-rate="1" complexity="2">
              <lines>
                <line number="79" hits="5" branch="False" />
                <line number="81" hits="5" branch="False" />
                <line number="88" hits="4" branch="True" condition-coverage="100% (2/2)">
                  <conditions>
                    <condition number="76" type="jump" coverage="100%" />
                  </conditions>
                </line>
                <line number="89" hits="1" branch="False" />
                <line number="90" hits="1" branch="False" />
                <line number="93" hits="3" branch="False" />
                <line number="95" hits="1" branch="False" />
                <line number="96" hits="1" branch="False" />
                <line number="98" hits="1" branch="False" />
                <line number="99" hits="1" branch="False" />
                <line number="101" hits="1" branch="False" />
                <line number="102" hits="1" branch="False" />
                <line number="103" hits="1" branch="False" />
                <line number="104" hits="1" branch="False" />
                <line number="105" hits="1" branch="False" />
                <line number="106" hits="1" branch="False" />
                <line number="107" hits="1" branch="False" />
                <line number="108" hits="1" branch="False" />
                <line number="109" hits="1" branch="False" />
                <line number="110" hits="1" branch="False" />
                <line number="111" hits="1" branch="False" />
                <line number="112" hits="1" branch="False" />
                <line number="113" hits="1" branch="False" />
                <line number="114" hits="1" branch="False" />
                <line number="116" hits="1" branch="False" />
                <line number="117" hits="1" branch="False" />
                <line number="120" hits="1" branch="False" />
                <line number="125" hits="1" branch="False" />
                <line number="127" hits="1" branch="False" />
                <line number="128" hits="1" branch="False" />
                <line number="129" hits="1" branch="False" />
                <line number="131" hits="1" branch="False" />
                <line number="132" hits="1" branch="False" />
                <line number="133" hits="0" branch="False" />
              </lines>
            </method>
          </methods>
          <lines>
            <line number="79" hits="5" branch="False" />
            <line number="81" hits="5" branch="False" />
            <line number="88" hits="4" branch="True" condition-coverage="100% (2/2)">
              <conditions>
                <condition number="76" type="jump" coverage="100%" />
              </conditions>
            </line>
            <line number="89" hits="1" branch="False" />
            <line number="90" hits="1" branch="False" />
            <line number="93" hits="3" branch="False" />
            <line number="95" hits="1" branch="False" />
            <line number="96" hits="1" branch="False" />
            <line number="98" hits="1" branch="False" />
            <line number="99" hits="1" branch="False" />
            <line number="101" hits="1" branch="False" />
            <line number="102" hits="1" branch="False" />
            <line number="103" hits="1" branch="False" />
            <line number="104" hits="1" branch="False" />
            <line number="105" hits="1" branch="False" />
            <line number="106" hits="1" branch="False" />
            <line number="107" hits="1" branch="False" />
            <line number="108" hits="1" branch="False" />
            <line number="109" hits="1" branch="False" />
            <line number="110" hits="1" branch="False" />
            <line number="111" hits="1" branch="False" />
            <line number="112" hits="1" branch="False" />
            <line number="113" hits="1" branch="False" />
            <line number="114" hits="1" branch="False" />
            <line number="116" hits="1" branch="False" />
            <line number="117" hits="1" branch="False" />
            <line number="120" hits="1" branch="False" />
            <line number="125" hits="1" branch="False" />
            <line number="127" hits="1" branch="False" />
            <line number="128" hits="1" branch="False" />
            <line number="129" hits="1" branch="False" />
            <line number="131" hits="1" branch="False" />
            <line number="132" hits="1" branch="False" />
            <line number="133" hits="0" branch="False" />
          </lines>
        </class>
        <class name="AspNet.Security.OAuth.OneID.OneIdCertificateUtility" filename="OneIdAuthenticationBackChannelHandler.cs" line-rate="0" branch-rate="0" complexity="8">
          <methods>
            <method name="FindCertificateByThumbprint" signature="(System.Security.Cryptography.X509Certificates.StoreName,System.Security.Cryptography.X509Certificates.StoreLocation,System.String,System.Boolean)" line-rate="0" branch-rate="0" complexity="6">
              <lines>
                <line number="314" hits="0" branch="False" />
                <line number="315" hits="0" branch="True" condition-coverage="0% (0/2)">
                  <conditions>
                    <condition number="9" type="jump" coverage="0%" />
                  </conditions>
                </line>
                <line number="316" hits="0" branch="False" />
                <line number="317" hits="0" branch="False" />
                <line number="320" hits="0" branch="False" />
                <line number="322" hits="0" branch="False" />
                <line number="323" hits="0" branch="False" />
                <line number="324" hits="0" branch="False" />
                <line number="325" hits="0" branch="True" condition-coverage="0% (0/4)">
                  <conditions>
                    <condition number="56" type="jump" coverage="0%" />
                    <condition number="72" type="jump" coverage="0%" />
                  </conditions>
                </line>
                <line number="326" hits="0" branch="False" />
                <line number="327" hits="0" branch="False" />
                <line number="330" hits="0" branch="False" />
                <line number="333" hits="0" branch="False" />
                <line number="337" hits="0" branch="False" />
                <line number="339" hits="0" branch="False" />
                <line number="340" hits="0" branch="False" />
              </lines>
            </method>
            <method name="FindCertificateByThumbprint" signature="(System.String,System.Boolean)" line-rate="0" branch-rate="1" complexity="1">
              <lines>
                <line number="364" hits="0" branch="False" />
                <line number="365" hits="0" branch="False" />
                <line number="366" hits="0" branch="False" />
                <line number="367" hits="0" branch="False" />
              </lines>
            </method>
            <method name="ExportCertificateWithPrivateKey" signature="(System.Security.Cryptography.X509Certificates.X509Certificate2,System.String&amp;)" line-rate="0" branch-rate="1" complexity="1">
              <lines>
                <line number="392" hits="0" branch="False" />
                <line number="394" hits="0" branch="False" />
                <line number="401" hits="0" branch="False" />
                <line number="402" hits="0" branch="False" />
                <line number="403" hits="0" branch="False" />
              </lines>
            </method>
          </methods>
          <lines>
            <line number="314" hits="0" branch="False" />
            <line number="315" hits="0" branch="True" condition-coverage="0% (0/2)">
              <conditions>
                <condition number="9" type="jump" coverage="0%" />
              </conditions>
            </line>
            <line number="316" hits="0" branch="False" />
            <line number="317" hits="0" branch="False" />
            <line number="320" hits="0" branch="False" />
            <line number="322" hits="0" branch="False" />
            <line number="323" hits="0" branch="False" />
            <line number="324" hits="0" branch="False" />
            <line number="325" hits="0" branch="True" condition-coverage="0% (0/4)">
              <conditions>
                <condition number="56" type="jump" coverage="0%" />
                <condition number="72" type="jump" coverage="0%" />
              </conditions>
            </line>
            <line number="326" hits="0" branch="False" />
            <line number="327" hits="0" branch="False" />
            <line number="330" hits="0" branch="False" />
            <line number="333" hits="0" branch="False" />
            <line number="337" hits="0" branch="False" />
            <line number="339" hits="0" branch="False" />
            <line number="340" hits="0" branch="False" />
            <line number="364" hits="0" branch="False" />
            <line number="365" hits="0" branch="False" />
            <line number="366" hits="0" branch="False" />
            <line number="367" hits="0" branch="False" />
            <line number="392" hits="0" branch="False" />
            <line number="394" hits="0" branch="False" />
            <line number="401" hits="0" branch="False" />
            <line number="402" hits="0" branch="False" />
            <line number="403" hits="0" branch="False" />
          </lines>
        </class>
        <class name="AspNet.Security.OAuth.OneID.OneIdAuthenticationClaimAction" filename="OneIdAuthenticationClaimAction.cs" line-rate="0.6428" branch-rate="0.5" complexity="7">
          <methods>
            <method name="Run" signature="(System.Text.Json.JsonElement,System.Security.Claims.ClaimsIdentity,System.String)" line-rate="0.5" branch-rate="0.5" complexity="6">
              <lines>
                <line number="53" hits="4" branch="False" />
                <line number="54" hits="15" branch="True" condition-coverage="50% (1/2)">
                  <conditions>
                    <condition number="21" type="jump" coverage="50%" />
                  </conditions>
                </line>
                <line number="55" hits="0" branch="False" />
                <line number="56" hits="0" branch="False" />
                <line number="59" hits="4" branch="False" />
                <line number="61" hits="4" branch="True" condition-coverage="50% (2/4)">
                  <conditions>
                    <condition number="39" type="jump" coverage="50%" />
                    <condition number="60" type="jump" coverage="50%" />
                  </conditions>
                </line>
                <line number="62" hits="0" branch="False" />
                <line number="63" hits="0" branch="False" />
                <line number="64" hits="0" branch="False" />
                <line number="65" hits="4" branch="False" />
              </lines>
            </method>
            <method name=".ctor" signature="(AspNet.Security.OAuth.OneID.OneIdAuthenticationOptions)" line-rate="1" branch-rate="1" complexity="1">
              <lines>
                <line number="47" hits="42" branch="False" />
                <line number="48" hits="42" branch="False" />
                <line number="49" hits="42" branch="False" />
                <line number="50" hits="42" branch="False" />
              </lines>
            </method>
          </methods>
          <lines>
            <line number="53" hits="4" branch="False" />
            <line number="54" hits="15" branch="True" condition-coverage="50% (1/2)">
              <conditions>
                <condition number="21" type="jump" coverage="50%" />
              </conditions>
            </line>
            <line number="55" hits="0" branch="False" />
            <line number="56" hits="0" branch="False" />
            <line number="59" hits="4" branch="False" />
            <line number="61" hits="4" branch="True" condition-coverage="50% (2/4)">
              <conditions>
                <condition number="39" type="jump" coverage="50%" />
                <condition number="60" type="jump" coverage="50%" />
              </conditions>
            </line>
            <line number="62" hits="0" branch="False" />
            <line number="63" hits="0" branch="False" />
            <line number="64" hits="0" branch="False" />
            <line number="65" hits="4" branch="False" />
            <line number="47" hits="42" branch="False" />
            <line number="48" hits="42" branch="False" />
            <line number="49" hits="42" branch="False" />
            <line number="50" hits="42" branch="False" />
          </lines>
        </class>
        <class name="AspNet.Security.OAuth.OneID.OneIdAuthenticationDefaults" filename="OneIdAuthenticationDefaults.cs" line-rate="1" branch-rate="1" complexity="2">
          <methods>
            <method name="get_UserAgent" signature="()" line-rate="1" branch-rate="1" complexity="2">
              <lines>
                <line number="115" hits="1" branch="True" condition-coverage="100% (2/2)">
                  <conditions>
                    <condition number="6" type="jump" coverage="100%" />
                  </conditions>
                </line>
              </lines>
            </method>
          </methods>
          <lines>
            <line number="115" hits="1" branch="True" condition-coverage="100% (2/2)">
              <conditions>
                <condition number="6" type="jump" coverage="100%" />
              </conditions>
            </line>
          </lines>
        </class>
        <class name="AspNet.Security.OAuth.OneID.OneIdAuthenticationEvents" filename="OneIdAuthenticationEvents.cs" line-rate="1" branch-rate="1" complexity="3">
          <methods>
            <method name="get_OnValidateIdToken" signature="()" line-rate="1" branch-rate="1" complexity="1">
              <lines>
                <line number="49" hits="50" branch="False" />
              </lines>
            </method>
            <method name=".ctor" signature="()" line-rate="1" branch-rate="1" complexity="2">
              <lines>
                <line number="50" hits="5" branch="False" />
                <line number="51" hits="5" branch="False" />
                <line number="52" hits="5" branch="False" />
                <line number="53" hits="5" branch="True" condition-coverage="100% (2/2)">
                  <conditions>
                    <condition number="31" type="jump" coverage="100%" />
                  </conditions>
                </line>
                <line number="54" hits="1" branch="False" />
                <line number="55" hits="1" branch="False" />
                <line number="56" hits="1" branch="False" />
                <line number="57" hits="45" branch="False" />
                <line number="58" hits="45" branch="False" />
                <line number="59" hits="4" branch="False" />
                <line number="60" hits="49" branch="False" />
              </lines>
            </method>
          </methods>
          <lines>
            <line number="49" hits="50" branch="False" />
            <line number="50" hits="5" branch="False" />
            <line number="51" hits="5" branch="False" />
            <line number="52" hits="5" branch="False" />
            <line number="53" hits="5" branch="True" condition-coverage="100% (2/2)">
              <conditions>
                <condition number="31" type="jump" coverage="100%" />
              </conditions>
            </line>
            <line number="54" hits="1" branch="False" />
            <line number="55" hits="1" branch="False" />
            <line number="56" hits="1" branch="False" />
            <line number="57" hits="45" branch="False" />
            <line number="58" hits="45" branch="False" />
            <line number="59" hits="4" branch="False" />
            <line number="60" hits="49" branch="False" />
          </lines>
        </class>
        <class name="AspNet.Security.OAuth.OneID.OneIdAuthenticationEvents/&lt;ValidateIdToken&gt;d__3" filename="OneIdAuthenticationEvents.cs" line-rate="1" branch-rate="1" complexity="1">
          <methods>
            <method name="MoveNext" signature="()" line-rate="1" branch-rate="1" complexity="1">
              <lines>
                <line number="68" hits="5" branch="False" />
              </lines>
            </method>
          </methods>
          <lines>
            <line number="68" hits="5" branch="False" />
          </lines>
        </class>
        <class name="AspNet.Security.OAuth.OneID.OneIdAuthenticationException" filename="OneIdAuthenticationException.cs" line-rate="0" branch-rate="1" complexity="4">
          <methods>
            <method name=".ctor" signature="()" line-rate="0" branch-rate="1" complexity="1">
              <lines>
                <line number="40" hits="0" branch="False" />
                <line number="41" hits="0" branch="False" />
                <line number="42" hits="0" branch="False" />
              </lines>
            </method>
            <method name=".ctor" signature="(System.String)" line-rate="0" branch-rate="1" complexity="1">
              <lines>
                <line number="44" hits="0" branch="False" />
                <line number="45" hits="0" branch="False" />
                <line number="46" hits="0" branch="False" />
              </lines>
            </method>
            <method name=".ctor" signature="(System.String,System.Exception)" line-rate="0" branch-rate="1" complexity="1">
              <lines>
                <line number="48" hits="0" branch="False" />
                <line number="49" hits="0" branch="False" />
                <line number="50" hits="0" branch="False" />
              </lines>
            </method>
            <method name=".ctor" signature="(System.Runtime.Serialization.SerializationInfo,System.Runtime.Serialization.StreamingContext)" line-rate="0" branch-rate="1" complexity="1">
              <lines>
                <line number="55" hits="0" branch="False" />
                <line number="57" hits="0" branch="False" />
                <line number="58" hits="0" branch="False" />
              </lines>
            </method>
          </methods>
          <lines>
            <line number="40" hits="0" branch="False" />
            <line number="41" hits="0" branch="False" />
            <line number="42" hits="0" branch="False" />
            <line number="44" hits="0" branch="False" />
            <line number="45" hits="0" branch="False" />
            <line number="46" hits="0" branch="False" />
            <line number="48" hits="0" branch="False" />
            <line number="49" hits="0" branch="False" />
            <line number="50" hits="0" branch="False" />
            <line number="55" hits="0" branch="False" />
            <line number="57" hits="0" branch="False" />
            <line number="58" hits="0" branch="False" />
          </lines>
        </class>
        <class name="AspNet.Security.OAuth.OneID.OneIdAuthenticationExtensions" filename="OneIdAuthenticationExtensions.cs" line-rate="1" branch-rate="1" complexity="5">
          <methods>
            <method name="AddOneId" signature="(Microsoft.AspNetCore.Authentication.AuthenticationBuilder)" line-rate="1" branch-rate="1" complexity="1">
              <lines>
                <line number="54" hits="2" branch="False" />
                <line number="55" hits="2" branch="False" />
                <line number="56" hits="1" branch="False" />
                <line number="57" hits="1" branch="False" />
              </lines>
            </method>
            <method name="AddOneId" signature="(Microsoft.AspNetCore.Authentication.AuthenticationBuilder,System.Action`1&lt;AspNet.Security.OAuth.OneID.OneIdAuthenticationOptions&gt;)" line-rate="1" branch-rate="1" complexity="1">
              <lines>
                <line number="60" hits="21" branch="False" />
                <line number="61" hits="21" branch="False" />
                <line number="62" hits="20" branch="False" />
                <line number="63" hits="20" branch="False" />
                <line number="64" hits="20" branch="False" />
              </lines>
            </method>
            <method name="AddOneId" signature="(Microsoft.AspNetCore.Authentication.AuthenticationBuilder,System.String,System.Action`1&lt;AspNet.Security.OAuth.OneID.OneIdAuthenticationOptions&gt;)" line-rate="1" branch-rate="1" complexity="2">
              <lines>
                <line number="67" hits="25" branch="False" />
                <line number="68" hits="25" branch="False" />
                <line number="69" hits="24" branch="False" />
                <line number="72" hits="23" branch="False" />
                <line number="73" hits="22" branch="True" condition-coverage="100% (2/2)">
                  <conditions>
                    <condition number="48" type="jump" coverage="100%" />
                  </conditions>
                </line>
                <line number="74" hits="1" branch="False" />
                <line number="76" hits="1" branch="False" />
                <line number="80" hits="21" branch="False" />
                <line number="81" hits="21" branch="False" />
              </lines>
            </method>
            <method name="AddOneId" signature="(Microsoft.AspNetCore.Authentication.AuthenticationBuilder,System.String,System.String,System.Action`1&lt;AspNet.Security.OAuth.OneID.OneIdAuthenticationOptions&gt;)" line-rate="1" branch-rate="1" complexity="1">
              <lines>
                <line number="84" hits="24" branch="False" />
                <line number="85" hits="24" branch="False" />
                <line number="86" hits="23" branch="False" />
                <line number="87" hits="23" branch="False" />
                <line number="89" hits="22" branch="False" />
                <line number="90" hits="22" branch="False" />
                <line number="91" hits="22" branch="False" />
                <line number="93" hits="22" branch="False" />
                <line number="94" hits="22" branch="False" />
              </lines>
            </method>
          </methods>
          <lines>
            <line number="54" hits="2" branch="False" />
            <line number="55" hits="2" branch="False" />
            <line number="56" hits="1" branch="False" />
            <line number="57" hits="1" branch="False" />
            <line number="60" hits="21" branch="False" />
            <line number="61" hits="21" branch="False" />
            <line number="62" hits="20" branch="False" />
            <line number="63" hits="20" branch="False" />
            <line number="64" hits="20" branch="False" />
            <line number="67" hits="25" branch="False" />
            <line number="68" hits="25" branch="False" />
            <line number="69" hits="24" branch="False" />
            <line number="72" hits="23" branch="False" />
            <line number="73" hits="22" branch="True" condition-coverage="100% (2/2)">
              <conditions>
                <condition number="48" type="jump" coverage="100%" />
              </conditions>
            </line>
            <line number="74" hits="1" branch="False" />
            <line number="76" hits="1" branch="False" />
            <line number="80" hits="21" branch="False" />
            <line number="81" hits="21" branch="False" />
            <line number="84" hits="24" branch="False" />
            <line number="85" hits="24" branch="False" />
            <line number="86" hits="23" branch="False" />
            <line number="87" hits="23" branch="False" />
            <line number="89" hits="22" branch="False" />
            <line number="90" hits="22" branch="False" />
            <line number="91" hits="22" branch="False" />
            <line number="93" hits="22" branch="False" />
            <line number="94" hits="22" branch="False" />
          </lines>
        </class>
        <class name="AspNet.Security.OAuth.OneID.OneIdAuthenticationHandler" filename="OneIdAuthenticationHandler.NetCore.cs" line-rate="0.8362" branch-rate="0.7833" complexity="67">
          <methods>
            <method name="ValidateOptions" signature="(Microsoft.Extensions.Options.IOptionsMonitor`1&lt;AspNet.Security.OAuth.OneID.OneIdAuthenticationOptions&gt;)" line-rate="1" branch-rate="1" complexity="1">
              <lines>
                <line number="85" hits="12" branch="False" />
                <line number="86" hits="12" branch="False" />
                <line number="87" hits="11" branch="False" />
                <line number="88" hits="11" branch="False" />
              </lines>
            </method>
            <method name="ValidateLogger" signature="(Microsoft.Extensions.Logging.ILoggerFactory)" line-rate="1" branch-rate="1" complexity="1">
              <lines>
                <line number="91" hits="11" branch="False" />
                <line number="92" hits="11" branch="False" />
                <line number="93" hits="10" branch="False" />
                <line number="94" hits="10" branch="False" />
              </lines>
            </method>
            <method name="ValidateEncoder" signature="(System.Text.Encodings.Web.UrlEncoder)" line-rate="1" branch-rate="1" complexity="1">
              <lines>
                <line number="97" hits="10" branch="False" />
                <line number="98" hits="10" branch="False" />
                <line number="99" hits="9" branch="False" />
                <line number="100" hits="9" branch="False" />
              </lines>
            </method>
            <method name="BuildChallengeUrl" signature="(Microsoft.AspNetCore.Authentication.AuthenticationProperties,System.String)" line-rate="0.6153" branch-rate="1" complexity="2">
              <lines>
                <line number="106" hits="2" branch="False" />
                <line number="107" hits="2" branch="False" />
                <line number="109" hits="2" branch="True" condition-coverage="100% (2/2)">
                  <conditions>
                    <condition number="21" type="jump" coverage="100%" />
                  </conditions>
                </line>
                <line number="110" hits="1" branch="False" />
                <line number="111" hits="1" branch="False" />
                <line number="115" hits="1" branch="False" />
                <line number="116" hits="1" branch="False" />
                <line number="118" hits="1" branch="False" />
                <line number="120" hits="0" branch="False" />
                <line number="121" hits="0" branch="False" />
                <line number="122" hits="0" branch="False" />
                <line number="124" hits="0" branch="False" />
                <line number="125" hits="0" branch="False" />
              </lines>
            </method>
            <method name="get_Events" signature="()" line-rate="1" branch-rate="1" complexity="1">
              <lines>
                <line number="134" hits="8" branch="False" />
              </lines>
            </method>
            <method name="set_Events" signature="(AspNet.Security.OAuth.OneID.OneIdAuthenticationEvents)" line-rate="0" branch-rate="1" complexity="1">
              <lines>
                <line number="135" hits="0" branch="False" />
              </lines>
            </method>
            <method name="CreateEventsAsync" signature="()" line-rate="0" branch-rate="1" complexity="1">
              <lines>
                <line number="140" hits="0" branch="False" />
                <line number="141" hits="0" branch="False" />
                <line number="142" hits="0" branch="False" />
              </lines>
            </method>
            <method name="ExtractClaimsFromToken" signature="(System.String)" line-rate="0.8222" branch-rate="0.7619" complexity="42">
              <lines>
                <line number="296" hits="8" branch="False" />
                <line number="297" hits="8" branch="True" condition-coverage="100% (2/2)">
                  <conditions>
                    <condition number="9" type="jump" coverage="100%" />
                  </conditions>
                </line>
                <line number="298" hits="1" branch="False" />
                <line number="299" hits="1" branch="False" />
                <line number="303" hits="7" branch="False" />
                <line number="304" hits="7" branch="False" />
                <line number="306" hits="7" branch="True" condition-coverage="100% (2/2)">
                  <conditions>
                    <condition number="51" type="jump" coverage="100%" />
                  </conditions>
                </line>
                <line number="308" hits="7" branch="True" condition-coverage="50% (1/2)">
                  <conditions>
                    <condition number="93" type="jump" coverage="50%" />
                  </conditions>
                </line>
                <line number="309" hits="0" branch="False" />
                <line number="310" hits="0" branch="False" />
                <line number="314" hits="7" branch="False" />
                <line number="316" hits="7" branch="True" condition-coverage="50% (2/4)">
                  <conditions>
                    <condition number="123" type="jump" coverage="50%" />
                    <condition number="141" type="jump" coverage="50%" />
                  </conditions>
                </line>
                <line number="317" hits="0" branch="False" />
                <line number="318" hits="0" branch="False" />
                <line number="319" hits="0" branch="False" />
                <line number="329" hits="7" branch="True" condition-coverage="50% (1/2)">
                  <conditions>
                    <condition number="168" type="jump" coverage="50%" />
                  </conditions>
                </line>
                <line number="331" hits="7" branch="True" condition-coverage="25% (1/4)">
                  <conditions>
                    <condition number="184" type="jump" coverage="50%" />
                    <condition number="230" type="jump" coverage="0%" />
                  </conditions>
                </line>
                <line number="332" hits="7" branch="False" />
                <line number="334" hits="7" branch="True" condition-coverage="100% (2/2)">
                  <conditions>
                    <condition number="257" type="jump" coverage="100%" />
                  </conditions>
                </line>
                <line number="335" hits="5" branch="False" />
                <line number="336" hits="5" branch="False" />
                <line number="337" hits="5" branch="False" />
                <line number="338" hits="5" branch="False" />
                <line number="339" hits="5" branch="False" />
                <line number="341" hits="16" branch="True" condition-coverage="100% (2/2)">
                  <conditions>
                    <condition number="364" type="jump" coverage="100%" />
                  </conditions>
                </line>
                <line number="342" hits="7" branch="False" />
                <line number="344" hits="17" branch="True" condition-coverage="100% (2/2)">
                  <conditions>
                    <condition number="435" type="jump" coverage="100%" />
                  </conditions>
                </line>
                <line number="345" hits="7" branch="False" />
                <line number="347" hits="18" branch="True" condition-coverage="100% (2/2)">
                  <conditions>
                    <condition number="506" type="jump" coverage="100%" />
                  </conditions>
                </line>
                <line number="348" hits="7" branch="False" />
                <line number="350" hits="19" branch="True" condition-coverage="100% (2/2)">
                  <conditions>
                    <condition number="577" type="jump" coverage="100%" />
                  </conditions>
                </line>
                <line number="351" hits="7" branch="False" />
                <line number="354" hits="20" branch="True" condition-coverage="78.57% (11/14)">
                  <conditions>
                    <condition number="648" type="jump" coverage="100%" />
                    <condition number="660" type="jump" coverage="100%" />
                    <condition number="709" type="jump" coverage="50%" />
                    <condition number="721" type="jump" coverage="100%" />
                    <condition number="767" type="jump" coverage="50%" />
                    <condition number="779" type="jump" coverage="100%" />
                    <condition number="825" type="jump" coverage="50%" />
                  </conditions>
                </line>
                <line number="355" hits="3" branch="False" />
                <line number="356" hits="3" branch="False" />
                <line number="357" hits="10" branch="False" />
                <line number="359" hits="7" branch="True" condition-coverage="100% (2/2)">
                  <conditions>
                    <condition number="852" type="jump" coverage="100%" />
                  </conditions>
                </line>
                <line number="360" hits="4" branch="False" />
                <line number="361" hits="4" branch="False" />
                <line number="362" hits="4" branch="False" />
                <line number="364" hits="7" branch="False" />
                <line number="366" hits="0" branch="False" />
                <line number="367" hits="0" branch="False" />
                <line number="368" hits="0" branch="False" />
                <line number="370" hits="7" branch="False" />
              </lines>
            </method>
            <method name="SaveToken" signature="(Microsoft.AspNetCore.Authentication.AuthenticationProperties,System.String,System.String)" line-rate="0.8332999999999999" branch-rate="0.6666" complexity="6">
              <lines>
                <line number="373" hits="8" branch="False" />
                <line number="374" hits="8" branch="False" />
                <line number="375" hits="8" branch="True" condition-coverage="50% (1/2)">
                  <conditions>
                    <condition number="46" type="jump" coverage="50%" />
                  </conditions>
                </line>
                <line number="376" hits="0" branch="False" />
                <line number="377" hits="0" branch="False" />
                <line number="381" hits="8" branch="False" />
                <line number="383" hits="15" branch="True" condition-coverage="75% (3/4)">
                  <conditions>
                    <condition number="100" type="jump" coverage="100%" />
                    <condition number="17" type="jump" coverage="50%" />
                  </conditions>
                </line>
                <line number="384" hits="8" branch="False" />
                <line number="385" hits="8" branch="False" />
                <line number="386" hits="8" branch="False" />
                <line number="389" hits="8" branch="False" />
                <line number="390" hits="8" branch="False" />
              </lines>
            </method>
            <method name="ProcessIdTokenAndGetContactIdentifier" signature="(Microsoft.AspNetCore.Authentication.OAuth.OAuthTokenResponse,Microsoft.AspNetCore.Authentication.AuthenticationProperties)" line-rate="1" branch-rate="1" complexity="2">
              <lines>
                <line number="401" hits="4" branch="False" />
                <line number="402" hits="4" branch="False" />
                <line number="404" hits="4" branch="True" condition-coverage="100% (2/2)">
                  <conditions>
                    <condition number="26" type="jump" coverage="100%" />
                  </conditions>
                </line>
                <line number="405" hits="3" branch="False" />
                <line number="407" hits="3" branch="False" />
                <line number="408" hits="3" branch="False" />
                <line number="409" hits="3" branch="False" />
                <line number="410" hits="3" branch="False" />
                <line number="450" hits="4" branch="False" />
                <line number="451" hits="4" branch="False" />
              </lines>
            </method>
            <method name="SaveTokenIfRequired" signature="(Microsoft.AspNetCore.Authentication.OAuth.OAuthTokenResponse,Microsoft.AspNetCore.Authentication.AuthenticationProperties,System.String,AspNet.Security.OAuth.OneID.OneIdAuthenticationTokenSave)" line-rate="1" branch-rate="0.8332999999999999" complexity="6">
              <lines>
                <line number="470" hits="9" branch="False" />
                <line number="471" hits="9" branch="True" condition-coverage="100% (2/2)">
                  <conditions>
                    <condition number="24" type="jump" coverage="100%" />
                  </conditions>
                </line>
                <line number="472" hits="1" branch="False" />
                <line number="473" hits="1" branch="False" />
                <line number="476" hits="8" branch="True" condition-coverage="50% (1/2)">
                  <conditions>
                    <condition number="36" type="jump" coverage="50%" />
                  </conditions>
                </line>
                <line number="477" hits="8" branch="True" condition-coverage="100% (2/2)">
                  <conditions>
                    <condition number="65" type="jump" coverage="100%" />
                  </conditions>
                </line>
                <line number="478" hits="8" branch="False" />
                <line number="479" hits="8" branch="False" />
                <line number="480" hits="8" branch="False" />
                <line number="481" hits="9" branch="False" />
              </lines>
            </method>
            <method name="&lt;ExtractClaimsFromToken&gt;g__AddIfPresent|12_0" signature="(System.Collections.Generic.List`1&lt;System.Security.Claims.Claim&gt;,System.String,System.String,System.String)" line-rate="1" branch-rate="1" complexity="2">
              <lines>
                <line number="323" hits="28" branch="False" />
                <line number="324" hits="28" branch="True" condition-coverage="100% (2/2)">
                  <conditions>
                    <condition number="12" type="jump" coverage="100%" />
                  </conditions>
                </line>
                <line number="325" hits="4" branch="False" />
                <line number="326" hits="4" branch="False" />
                <line number="327" hits="4" branch="False" />
                <line number="328" hits="28" branch="False" />
              </lines>
            </method>
            <method name=".ctor" signature="(Microsoft.Extensions.Options.IOptionsMonitor`1&lt;AspNet.Security.OAuth.OneID.OneIdAuthenticationOptions&gt;,Microsoft.Extensions.Logging.ILoggerFactory,System.Text.Encodings.Web.UrlEncoder)" line-rate="1" branch-rate="1" complexity="1">
              <lines>
                <line number="79" hits="12" branch="False" />
                <line number="80" hits="9" branch="False" />
                <line number="82" hits="9" branch="False" />
              </lines>
            </method>
          </methods>
          <lines>
            <line number="85" hits="12" branch="False" />
            <line number="86" hits="12" branch="False" />
            <line number="87" hits="11" branch="False" />
            <line number="88" hits="11" branch="False" />
            <line number="91" hits="11" branch="False" />
            <line number="92" hits="11" branch="False" />
            <line number="93" hits="10" branch="False" />
            <line number="94" hits="10" branch="False" />
            <line number="97" hits="10" branch="False" />
            <line number="98" hits="10" branch="False" />
            <line number="99" hits="9" branch="False" />
            <line number="100" hits="9" branch="False" />
            <line number="106" hits="2" branch="False" />
            <line number="107" hits="2" branch="False" />
            <line number="109" hits="2" branch="True" condition-coverage="100% (2/2)">
              <conditions>
                <condition number="21" type="jump" coverage="100%" />
              </conditions>
            </line>
            <line number="110" hits="1" branch="False" />
            <line number="111" hits="1" branch="False" />
            <line number="115" hits="1" branch="False" />
            <line number="116" hits="1" branch="False" />
            <line number="118" hits="1" branch="False" />
            <line number="120" hits="0" branch="False" />
            <line number="121" hits="0" branch="False" />
            <line number="122" hits="0" branch="False" />
            <line number="124" hits="0" branch="False" />
            <line number="125" hits="0" branch="False" />
            <line number="134" hits="8" branch="False" />
            <line number="135" hits="0" branch="False" />
            <line number="140" hits="0" branch="False" />
            <line number="141" hits="0" branch="False" />
            <line number="142" hits="0" branch="False" />
            <line number="296" hits="8" branch="False" />
            <line number="297" hits="8" branch="True" condition-coverage="100% (2/2)">
              <conditions>
                <condition number="9" type="jump" coverage="100%" />
              </conditions>
            </line>
            <line number="298" hits="1" branch="False" />
            <line number="299" hits="1" branch="False" />
            <line number="303" hits="7" branch="False" />
            <line number="304" hits="7" branch="False" />
            <line number="306" hits="7" branch="True" condition-coverage="100% (2/2)">
              <conditions>
                <condition number="51" type="jump" coverage="100%" />
              </conditions>
            </line>
            <line number="308" hits="7" branch="True" condition-coverage="50% (1/2)">
              <conditions>
                <condition number="93" type="jump" coverage="50%" />
              </conditions>
            </line>
            <line number="309" hits="0" branch="False" />
            <line number="310" hits="0" branch="False" />
            <line number="314" hits="7" branch="False" />
            <line number="316" hits="7" branch="True" condition-coverage="50% (2/4)">
              <conditions>
                <condition number="123" type="jump" coverage="50%" />
                <condition number="141" type="jump" coverage="50%" />
              </conditions>
            </line>
            <line number="317" hits="0" branch="False" />
            <line number="318" hits="0" branch="False" />
            <line number="319" hits="0" branch="False" />
            <line number="329" hits="7" branch="True" condition-coverage="50% (1/2)">
              <conditions>
                <condition number="168" type="jump" coverage="50%" />
              </conditions>
            </line>
            <line number="331" hits="7" branch="True" condition-coverage="25% (1/4)">
              <conditions>
                <condition number="184" type="jump" coverage="50%" />
                <condition number="230" type="jump" coverage="0%" />
              </conditions>
            </line>
            <line number="332" hits="7" branch="False" />
            <line number="334" hits="7" branch="True" condition-coverage="100% (2/2)">
              <conditions>
                <condition number="257" type="jump" coverage="100%" />
              </conditions>
            </line>
            <line number="335" hits="5" branch="False" />
            <line number="336" hits="5" branch="False" />
            <line number="337" hits="5" branch="False" />
            <line number="338" hits="5" branch="False" />
            <line number="339" hits="5" branch="False" />
            <line number="341" hits="16" branch="True" condition-coverage="100% (2/2)">
              <conditions>
                <condition number="364" type="jump" coverage="100%" />
              </conditions>
            </line>
            <line number="342" hits="7" branch="False" />
            <line number="344" hits="17" branch="True" condition-coverage="100% (2/2)">
              <conditions>
                <condition number="435" type="jump" coverage="100%" />
              </conditions>
            </line>
            <line number="345" hits="7" branch="False" />
            <line number="347" hits="18" branch="True" condition-coverage="100% (2/2)">
              <conditions>
                <condition number="506" type="jump" coverage="100%" />
              </conditions>
            </line>
            <line number="348" hits="7" branch="False" />
            <line number="350" hits="19" branch="True" condition-coverage="100% (2/2)">
              <conditions>
                <condition number="577" type="jump" coverage="100%" />
              </conditions>
            </line>
            <line number="351" hits="7" branch="False" />
            <line number="354" hits="20" branch="True" condition-coverage="78.57% (11/14)">
              <conditions>
                <condition number="648" type="jump" coverage="100%" />
                <condition number="660" type="jump" coverage="100%" />
                <condition number="709" type="jump" coverage="50%" />
                <condition number="721" type="jump" coverage="100%" />
                <condition number="767" type="jump" coverage="50%" />
                <condition number="779" type="jump" coverage="100%" />
                <condition number="825" type="jump" coverage="50%" />
              </conditions>
            </line>
            <line number="355" hits="3" branch="False" />
            <line number="356" hits="3" branch="False" />
            <line number="357" hits="10" branch="False" />
            <line number="359" hits="7" branch="True" condition-coverage="100% (2/2)">
              <conditions>
                <condition number="852" type="jump" coverage="100%" />
              </conditions>
            </line>
            <line number="360" hits="4" branch="False" />
            <line number="361" hits="4" branch="False" />
            <line number="362" hits="4" branch="False" />
            <line number="364" hits="7" branch="False" />
            <line number="366" hits="0" branch="False" />
            <line number="367" hits="0" branch="False" />
            <line number="368" hits="0" branch="False" />
            <line number="370" hits="7" branch="False" />
            <line number="373" hits="8" branch="False" />
            <line number="374" hits="8" branch="False" />
            <line number="375" hits="8" branch="True" condition-coverage="50% (1/2)">
              <conditions>
                <condition number="46" type="jump" coverage="50%" />
              </conditions>
            </line>
            <line number="376" hits="0" branch="False" />
            <line number="377" hits="0" branch="False" />
            <line number="381" hits="8" branch="False" />
            <line number="383" hits="15" branch="True" condition-coverage="75% (3/4)">
              <conditions>
                <condition number="100" type="jump" coverage="100%" />
                <condition number="17" type="jump" coverage="50%" />
              </conditions>
            </line>
            <line number="384" hits="8" branch="False" />
            <line number="385" hits="8" branch="False" />
            <line number="386" hits="8" branch="False" />
            <line number="389" hits="8" branch="False" />
            <line number="390" hits="8" branch="False" />
            <line number="401" hits="4" branch="False" />
            <line number="402" hits="4" branch="False" />
            <line number="404" hits="4" branch="True" condition-coverage="100% (2/2)">
              <conditions>
                <condition number="26" type="jump" coverage="100%" />
              </conditions>
            </line>
            <line number="405" hits="3" branch="False" />
            <line number="407" hits="3" branch="False" />
            <line number="408" hits="3" branch="False" />
            <line number="409" hits="3" branch="False" />
            <line number="410" hits="3" branch="False" />
            <line number="450" hits="4" branch="False" />
            <line number="451" hits="4" branch="False" />
            <line number="470" hits="9" branch="False" />
            <line number="471" hits="9" branch="True" condition-coverage="100% (2/2)">
              <conditions>
                <condition number="24" type="jump" coverage="100%" />
              </conditions>
            </line>
            <line number="472" hits="1" branch="False" />
            <line number="473" hits="1" branch="False" />
            <line number="476" hits="8" branch="True" condition-coverage="50% (1/2)">
              <conditions>
                <condition number="36" type="jump" coverage="50%" />
              </conditions>
            </line>
            <line number="477" hits="8" branch="True" condition-coverage="100% (2/2)">
              <conditions>
                <condition number="65" type="jump" coverage="100%" />
              </conditions>
            </line>
            <line number="478" hits="8" branch="False" />
            <line number="479" hits="8" branch="False" />
            <line number="480" hits="8" branch="False" />
            <line number="481" hits="9" branch="False" />
            <line number="323" hits="28" branch="False" />
            <line number="324" hits="28" branch="True" condition-coverage="100% (2/2)">
              <conditions>
                <condition number="12" type="jump" coverage="100%" />
              </conditions>
            </line>
            <line number="325" hits="4" branch="False" />
            <line number="326" hits="4" branch="False" />
            <line number="327" hits="4" branch="False" />
            <line number="328" hits="28" branch="False" />
            <line number="79" hits="12" branch="False" />
            <line number="80" hits="9" branch="False" />
            <line number="82" hits="9" branch="False" />
          </lines>
        </class>
        <class name="AspNet.Security.OAuth.OneID.OneIdAuthenticationHandler/&lt;&gt;c" filename="OneIdAuthenticationHandler.NetCore.cs" line-rate="1" branch-rate="1" complexity="2">
          <methods>
            <method name="&lt;CreateTicketAsync&gt;b__10_0" signature="(System.Security.Claims.Claim)" line-rate="1" branch-rate="1" complexity="1">
              <lines>
                <line number="182" hits="13" branch="False" />
              </lines>
            </method>
            <method name="&lt;CreateTicketAsync&gt;b__10_1" signature="(System.Security.Claims.Claim)" line-rate="1" branch-rate="1" complexity="1">
              <lines>
                <line number="192" hits="4" branch="False" />
              </lines>
            </method>
          </methods>
          <lines>
            <line number="182" hits="13" branch="False" />
            <line number="192" hits="4" branch="False" />
          </lines>
        </class>
        <class name="AspNet.Security.OAuth.OneID.OneIdAuthenticationHandler/&lt;CreateTicketAsync&gt;d__10" filename="OneIdAuthenticationHandler.NetCore.cs" line-rate="0.6" branch-rate="0.5" complexity="38">
          <methods>
            <method name="MoveNext" signature="()" line-rate="0.6" branch-rate="0.5" complexity="38">
              <lines>
                <line number="148" hits="4" branch="False" />
                <line number="149" hits="4" branch="False" />
                <line number="150" hits="4" branch="False" />
                <line number="151" hits="4" branch="False" />
                <line number="153" hits="4" branch="False" />
                <line number="155" hits="4" branch="False" />
                <line number="157" hits="4" branch="True" condition-coverage="50% (1/2)">
                  <conditions>
                    <condition number="149" type="jump" coverage="50%" />
                  </conditions>
                </line>
                <line number="158" hits="0" branch="False" />
                <line number="159" hits="0" branch="False" />
                <line number="162" hits="4" branch="True" condition-coverage="100% (2/2)">
                  <conditions>
                    <condition number="182" type="jump" coverage="100%" />
                  </conditions>
                </line>
                <line number="163" hits="4" branch="False" />
                <line number="164" hits="4" branch="False" />
                <line number="165" hits="4" branch="False" />
                <line number="166" hits="4" branch="False" />
                <line number="167" hits="4" branch="False" />
                <line number="168" hits="4" branch="False" />
                <line number="169" hits="4" branch="False" />
                <line number="171" hits="4" branch="False" />
                <line number="173" hits="4" branch="False" />
                <line number="174" hits="4" branch="False" />
                <line number="176" hits="30" branch="True" condition-coverage="100% (2/2)">
                  <conditions>
                    <condition number="620" type="jump" coverage="100%" />
                  </conditions>
                </line>
                <line number="177" hits="9" branch="False" />
                <line number="178" hits="9" branch="False" />
                <line number="179" hits="9" branch="False" />
                <line number="183" hits="4" branch="False" />
                <line number="184" hits="4" branch="False" />
                <line number="185" hits="2" branch="False" />
                <line number="188" hits="2" branch="False" />
                <line number="189" hits="2" branch="True" condition-coverage="75% (3/4)">
                  <conditions>
                    <condition number="794" type="jump" coverage="50%" />
                    <condition number="820" type="jump" coverage="100%" />
                  </conditions>
                </line>
                <line number="190" hits="2" branch="False" />
                <line number="191" hits="2" branch="False" />
                <line number="193" hits="2" branch="True" condition-coverage="100% (2/2)">
                  <conditions>
                    <condition number="915" type="jump" coverage="100%" />
                  </conditions>
                </line>
                <line number="194" hits="2" branch="False" />
                <line number="195" hits="2" branch="False" />
                <line number="196" hits="2" branch="False" />
                <line number="197" hits="2" branch="False" />
                <line number="198" hits="2" branch="False" />
                <line number="199" hits="2" branch="False" />
                <line number="200" hits="0" branch="False" />
                <line number="201" hits="0" branch="False" />
                <line number="203" hits="0" branch="False" />
                <line number="204" hits="0" branch="False" />
                <line number="206" hits="2" branch="False" />
                <line number="208" hits="4" branch="False" />
                <line number="210" hits="4" branch="False" />
                <line number="211" hits="4" branch="False" />
                <line number="214" hits="4" branch="True" condition-coverage="50% (1/2)">
                  <conditions>
                    <condition number="1179" type="jump" coverage="50%" />
                  </conditions>
                </line>
                <line number="215" hits="0" branch="False" />
                <line number="216" hits="0" branch="True" condition-coverage="0% (0/4)">
                  <conditions>
                    <condition number="1197" type="jump" coverage="0%" />
                    <condition number="1220" type="jump" coverage="0%" />
                  </conditions>
                </line>
                <line number="217" hits="0" branch="False" />
                <line number="218" hits="0" branch="False" />
                <line number="219" hits="0" branch="False" />
                <line number="221" hits="0" branch="True" condition-coverage="0% (0/4)">
                  <conditions>
                    <condition number="1278" type="jump" coverage="0%" />
                    <condition number="1308" type="jump" coverage="0%" />
                  </conditions>
                </line>
                <line number="222" hits="0" branch="False" />
                <line number="223" hits="0" branch="False" />
                <line number="224" hits="0" branch="False" />
                <line number="225" hits="0" branch="False" />
                <line number="226" hits="0" branch="False" />
                <line number="228" hits="0" branch="True" condition-coverage="0% (0/4)">
                  <conditions>
                    <condition number="1361" type="jump" coverage="0%" />
                    <condition number="1391" type="jump" coverage="0%" />
                  </conditions>
                </line>
                <line number="229" hits="0" branch="False" />
                <line number="230" hits="0" branch="False" />
                <line number="231" hits="0" branch="False" />
                <line number="232" hits="0" branch="False" />
                <line number="233" hits="0" branch="False" />
                <line number="235" hits="0" branch="True" condition-coverage="0% (0/4)">
                  <conditions>
                    <condition number="1449" type="jump" coverage="0%" />
                    <condition number="1479" type="jump" coverage="0%" />
                  </conditions>
                </line>
                <line number="236" hits="0" branch="False" />
                <line number="237" hits="0" branch="False" />
                <line number="238" hits="0" branch="False" />
                <line number="239" hits="0" branch="False" />
                <line number="240" hits="0" branch="False" />
                <line number="241" hits="0" branch="False" />
                <line number="243" hits="4" branch="False" />
                <line number="245" hits="4" branch="False" />
                <line number="246" hits="4" branch="False" />
                <line number="247" hits="4" branch="False" />
              </lines>
            </method>
          </methods>
          <lines>
            <line number="148" hits="4" branch="False" />
            <line number="149" hits="4" branch="False" />
            <line number="150" hits="4" branch="False" />
            <line number="151" hits="4" branch="False" />
            <line number="153" hits="4" branch="False" />
            <line number="155" hits="4" branch="False" />
            <line number="157" hits="4" branch="True" condition-coverage="50% (1/2)">
              <conditions>
                <condition number="149" type="jump" coverage="50%" />
[...]
            <line number="53" hits="21" branch="False" />
            <line number="54" hits="21" branch="False" />
            <line number="55" hits="21" branch="False" />
            <line number="56" hits="21" branch="False" />
            <line number="57" hits="21" branch="False" />
          </lines>
        </class>
        <class name="AspNet.Security.OAuth.OneID.TokenEndpoint" filename="TokenEndpoint.cs" line-rate="0" branch-rate="1" complexity="9">
          <methods>
            <method name="get_AccessToken" signature="()" line-rate="0" branch-rate="1" complexity="1">
              <lines>
                <line number="62" hits="0" branch="False" />
              </lines>
            </method>
            <method name="get_RefreshToken" signature="()" line-rate="0" branch-rate="1" complexity="1">
              <lines>
                <line number="73" hits="0" branch="False" />
              </lines>
            </method>
            <method name="get_Scope" signature="()" line-rate="0" branch-rate="1" complexity="1">
              <lines>
                <line number="84" hits="0" branch="False" />
              </lines>
            </method>
            <method name="get_ContextSessionId" signature="()" line-rate="0" branch-rate="1" complexity="1">
              <lines>
                <line number="95" hits="0" branch="False" />
              </lines>
            </method>
            <method name="get_IdToken" signature="()" line-rate="0" branch-rate="1" complexity="1">
              <lines>
                <line number="106" hits="0" branch="False" />
              </lines>
            </method>
            <method name="get_TokenType" signature="()" line-rate="0" branch-rate="1" complexity="1">
              <lines>
                <line number="117" hits="0" branch="False" />
              </lines>
            </method>
            <method name="get_ExpiresIn" signature="()" line-rate="0" branch-rate="1" complexity="1">
              <lines>
                <line number="128" hits="0" branch="False" />
              </lines>
            </method>
            <method name="get_Nonce" signature="()" line-rate="0" branch-rate="1" complexity="1">
              <lines>
                <line number="139" hits="0" branch="False" />
              </lines>
            </method>
            <method name="FromJson" signature="(System.Text.Json.JsonElement)" line-rate="0" branch-rate="1" complexity="1">
              <lines>
                <line number="153" hits="0" branch="False" />
              </lines>
            </method>
          </methods>
          <lines>
            <line number="62" hits="0" branch="False" />
            <line number="73" hits="0" branch="False" />
            <line number="84" hits="0" branch="False" />
            <line number="95" hits="0" branch="False" />
            <line number="106" hits="0" branch="False" />
            <line number="117" hits="0" branch="False" />
            <line number="128" hits="0" branch="False" />
            <line number="139" hits="0" branch="False" />
            <line number="153" hits="0" branch="False" />
          </lines>
        </class>
        <class name="AspNet.Security.OAuth.OneID.JsonExtensions" filename="TokenEndpoint.cs" line-rate="0" branch-rate="1" complexity="2">
          <methods>
            <method name="ToObject" signature="(System.Text.Json.JsonElement,System.Text.Json.JsonSerializerOptions)" line-rate="0" branch-rate="1" complexity="1">
              <lines>
                <line number="173" hits="0" branch="False" />
                <line number="174" hits="0" branch="False" />
                <line number="175" hits="0" branch="False" />
                <line number="176" hits="0" branch="False" />
                <line number="177" hits="0" branch="False" />
                <line number="178" hits="0" branch="False" />
              </lines>
            </method>
            <method name="ToObject" signature="(System.Text.Json.JsonDocument,System.Text.Json.JsonSerializerOptions)" line-rate="0" branch-rate="1" complexity="1">
              <lines>
                <line number="189" hits="0" branch="False" />
                <line number="190" hits="0" branch="False" />
                <line number="192" hits="0" branch="False" />
                <line number="193" hits="0" branch="False" />
              </lines>
            </method>
          </methods>
          <lines>
            <line number="173" hits="0" branch="False" />
            <line number="174" hits="0" branch="False" />
            <line number="175" hits="0" branch="False" />
            <line number="176" hits="0" branch="False" />
            <line number="177" hits="0" branch="False" />
            <line number="178" hits="0" branch="False" />
            <line number="189" hits="0" branch="False" />
            <line number="190" hits="0" branch="False" />
            <line number="192" hits="0" branch="False" />
            <line number="193" hits="0" branch="False" />
          </lines>
        </class>
        <class name="AspNet.Security.OAuth.OneID.Serialize" filename="TokenEndpoint.cs" line-rate="0" branch-rate="1" complexity="1">
          <methods>
            <method name="ToJson" signature="(AspNet.Security.OAuth.OneID.TokenEndpoint)" line-rate="0" branch-rate="1" complexity="1">
              <lines>
                <line number="213" hits="0" branch="False" />
                <line number="214" hits="0" branch="False" />
                <line number="215" hits="0" branch="False" />
              </lines>
            </method>
          </methods>
          <lines>
            <line number="213" hits="0" branch="False" />
            <line number="214" hits="0" branch="False" />
            <line number="215" hits="0" branch="False" />
          </lines>
        </class>
        <class name="AspNet.Security.OAuth.OneID.Provider.OneIdAuthenticatedContext" filename="Provider\OneIdAuthenticatedContext.cs" line-rate="0" branch-rate="0" complexity="25">
          <methods>
            <method name="get_Context" signature="()" line-rate="0" branch-rate="1" complexity="1">
              <lines>
                <line number="147" hits="0" branch="False" />
              </lines>
            </method>
            <method name="get_ParsedResponse" signature="()" line-rate="0" branch-rate="1" complexity="1">
              <lines>
                <line number="201" hits="0" branch="False" />
              </lines>
            </method>
            <method name="get_IdentityToken" signature="()" line-rate="0" branch-rate="1" complexity="1">
              <lines>
                <line number="206" hits="0" branch="False" />
              </lines>
            </method>
            <method name="get_GivenName" signature="()" line-rate="0" branch-rate="1" complexity="1">
              <lines>
                <line number="211" hits="0" branch="False" />
              </lines>
            </method>
            <method name="get_FamilyName" signature="()" line-rate="0" branch-rate="1" complexity="1">
              <lines>
                <line number="216" hits="0" branch="False" />
              </lines>
            </method>
            <method name="get_UserName" signature="()" line-rate="0" branch-rate="1" complexity="1">
              <lines>
                <line number="222" hits="0" branch="False" />
              </lines>
            </method>
            <method name="get_Id" signature="()" line-rate="0" branch-rate="1" complexity="1">
              <lines>
                <line number="227" hits="0" branch="False" />
              </lines>
            </method>
            <method name="get_Email" signature="()" line-rate="0" branch-rate="1" complexity="1">
              <lines>
                <line number="232" hits="0" branch="False" />
              </lines>
            </method>
            <method name="get_PhoneNumber" signature="()" line-rate="0" branch-rate="1" complexity="1">
              <lines>
                <line number="237" hits="0" branch="False" />
              </lines>
            </method>
            <method name=".ctor" signature="(System.Security.Claims.ClaimsPrincipal,Microsoft.AspNetCore.Authentication.AuthenticationProperties,Microsoft.AspNetCore.Http.HttpContext,Microsoft.AspNetCore.Authentication.AuthenticationScheme,Microsoft.AspNetCore.Authentication.OAuth.OAuthOptions,System.Net.Http.HttpClient,Microsoft.AspNetCore.Authentication.OAuth.OAuthTokenResponse,System.Text.Json.JsonElement)" line-rate="0" branch-rate="0" complexity="16">
              <lines>
                <line number="78" hits="0" branch="False" />
                <line number="79" hits="0" branch="False" />
                <line number="81" hits="0" branch="False" />
                <line number="83" hits="0" branch="False" />
                <line number="96" hits="0" branch="False" />
                <line number="97" hits="0" branch="False" />
                <line number="98" hits="0" branch="False" />
                <line number="100" hits="0" branch="False" />
                <line number="102" hits="0" branch="True" condition-coverage="0% (0/2)">
                  <conditions>
                    <condition number="93" type="jump" coverage="0%" />
                  </conditions>
                </line>
                <line number="103" hits="0" branch="False" />
                <line number="104" hits="0" branch="False" />
                <line number="106" hits="0" branch="True" condition-coverage="0% (0/4)">
                  <conditions>
                    <condition number="120" type="jump" coverage="0%" />
                    <condition number="142" type="jump" coverage="0%" />
                  </conditions>
                </line>
                <line number="107" hits="0" branch="False" />
                <line number="108" hits="0" branch="False" />
                <line number="109" hits="0" branch="False" />
                <line number="111" hits="0" branch="True" condition-coverage="0% (0/4)">
                  <conditions>
                    <condition number="199" type="jump" coverage="0%" />
                    <condition number="223" type="jump" coverage="0%" />
                  </conditions>
                </line>
                <line number="112" hits="0" branch="False" />
                <line number="113" hits="0" branch="False" />
                <line number="114" hits="0" branch="False" />
                <line number="116" hits="0" branch="True" condition-coverage="0% (0/2)">
                  <conditions>
                    <condition number="284" type="jump" coverage="0%" />
                  </conditions>
                </line>
                <line number="117" hits="0" branch="False" />
                <line number="118" hits="0" branch="False" />
                <line number="119" hits="0" branch="False" />
                <line number="121" hits="0" branch="True" condition-coverage="0% (0/4)">
                  <conditions>
                    <condition number="338" type="jump" coverage="0%" />
                    <condition number="367" type="jump" coverage="0%" />
                  </conditions>
                </line>
                <line number="122" hits="0" branch="False" />
                <line number="125" hits="0" branch="False" />
                <line number="127" hits="0" branch="False" />
                <line number="128" hits="0" branch="False" />
                <line number="129" hits="0" branch="False" />
                <line number="130" hits="0" branch="False" />
                <line number="131" hits="0" branch="False" />
                <line number="132" hits="0" branch="False" />
                <line number="134" hits="0" branch="False" />
                <line number="135" hits="0" branch="False" />
                <line number="137" hits="0" branch="False" />
                <line number="138" hits="0" branch="False" />
                <line number="139" hits="0" branch="False" />
                <line number="140" hits="0" branch="False" />
                <line number="141" hits="0" branch="False" />
                <line number="142" hits="0" branch="False" />
              </lines>
            </method>
          </methods>
          <lines>
            <line number="147" hits="0" branch="False" />
            <line number="201" hits="0" branch="False" />
            <line number="206" hits="0" branch="False" />
            <line number="211" hits="0" branch="False" />
            <line number="216" hits="0" branch="False" />
            <line number="222" hits="0" branch="False" />
            <line number="227" hits="0" branch="False" />
            <line number="232" hits="0" branch="False" />
            <line number="237" hits="0" branch="False" />
            <line number="78" hits="0" branch="False" />
            <line number="79" hits="0" branch="False" />
            <line number="81" hits="0" branch="False" />
            <line number="83" hits="0" branch="False" />
            <line number="96" hits="0" branch="False" />
            <line number="97" hits="0" branch="False" />
            <line number="98" hits="0" branch="False" />
            <line number="100" hits="0" branch="False" />
            <line number="102" hits="0" branch="True" condition-coverage="0% (0/2)">
              <conditions>
                <condition number="93" type="jump" coverage="0%" />
              </conditions>
            </line>
            <line number="103" hits="0" branch="False" />
            <line number="104" hits="0" branch="False" />
            <line number="106" hits="0" branch="True" condition-coverage="0% (0/4)">
              <conditions>
                <condition number="120" type="jump" coverage="0%" />
                <condition number="142" type="jump" coverage="0%" />
              </conditions>
            </line>
            <line number="107" hits="0" branch="False" />
            <line number="108" hits="0" branch="False" />
            <line number="109" hits="0" branch="False" />
            <line number="111" hits="0" branch="True" condition-coverage="0% (0/4)">
              <conditions>
                <condition number="199" type="jump" coverage="0%" />
                <condition number="223" type="jump" coverage="0%" />
              </conditions>
            </line>
            <line number="112" hits="0" branch="False" />
            <line number="113" hits="0" branch="False" />
            <line number="114" hits="0" branch="False" />
            <line number="116" hits="0" branch="True" condition-coverage="0% (0/2)">
              <conditions>
                <condition number="284" type="jump" coverage="0%" />
              </conditions>
            </line>
            <line number="117" hits="0" branch="False" />
            <line number="118" hits="0" branch="False" />
            <line number="119" hits="0" branch="False" />
            <line number="121" hits="0" branch="True" condition-coverage="0% (0/4)">
              <conditions>
                <condition number="338" type="jump" coverage="0%" />
                <condition number="367" type="jump" coverage="0%" />
              </conditions>
            </line>
            <line number="122" hits="0" branch="False" />
            <line number="125" hits="0" branch="False" />
            <line number="127" hits="0" branch="False" />
            <line number="128" hits="0" branch="False" />
            <line number="129" hits="0" branch="False" />
            <line number="130" hits="0" branch="False" />
            <line number="131" hits="0" branch="False" />
            <line number="132" hits="0" branch="False" />
            <line number="134" hits="0" branch="False" />
            <line number="135" hits="0" branch="False" />
            <line number="137" hits="0" branch="False" />
            <line number="138" hits="0" branch="False" />
            <line number="139" hits="0" branch="False" />
            <line number="140" hits="0" branch="False" />
            <line number="141" hits="0" branch="False" />
            <line number="142" hits="0" branch="False" />
          </lines>
        </class>
        <class name="AspNet.Security.OAuth.OneID.Properties.Resources" filename="Properties\Resources.Designer.cs" line-rate="0" branch-rate="0" complexity="6">
          <methods>
            <method name="get_ResourceManager" signature="()" line-rate="0" branch-rate="0" complexity="2">
              <lines>
                <line number="40" hits="0" branch="False" />
                <line number="41" hits="0" branch="True" condition-coverage="0% (0/2)">
                  <conditions>
                    <condition number="11" type="jump" coverage="0%" />
                  </conditions>
                </line>
                <line number="42" hits="0" branch="False" />
                <line number="43" hits="0" branch="False" />
                <line number="44" hits="0" branch="False" />
                <line number="45" hits="0" branch="False" />
                <line number="46" hits="0" branch="False" />
              </lines>
            </method>
            <method name="get_Culture" signature="()" line-rate="0" branch-rate="1" complexity="1">
              <lines>
                <line number="55" hits="0" branch="False" />
                <line number="56" hits="0" branch="False" />
                <line number="57" hits="0" branch="False" />
              </lines>
            </method>
            <method name="set_Culture" signature="(System.Globalization.CultureInfo)" line-rate="0" branch-rate="1" complexity="1">
              <lines>
                <line number="58" hits="0" branch="False" />
                <line number="59" hits="0" branch="False" />
                <line number="60" hits="0" branch="False" />
              </lines>
            </method>
            <method name="get_Exception_OptionMustBeProvided" signature="()" line-rate="0" branch-rate="1" complexity="1">
              <lines>
                <line number="67" hits="0" branch="False" />
                <line number="68" hits="0" branch="False" />
                <line number="69" hits="0" branch="False" />
              </lines>
            </method>
            <method name=".ctor" signature="()" line-rate="0" branch-rate="1" complexity="1">
              <lines>
                <line number="32" hits="0" branch="False" />
                <line number="33" hits="0" branch="False" />
              </lines>
            </method>
          </methods>
          <lines>
            <line number="40" hits="0" branch="False" />
            <line number="41" hits="0" branch="True" condition-coverage="0% (0/2)">
              <conditions>
                <condition number="11" type="jump" coverage="0%" />
              </conditions>
            </line>
            <line number="42" hits="0" branch="False" />
            <line number="43" hits="0" branch="False" />
            <line number="44" hits="0" branch="False" />
            <line number="45" hits="0" branch="False" />
            <line number="46" hits="0" branch="False" />
            <line number="55" hits="0" branch="False" />
            <line number="56" hits="0" branch="False" />
            <line number="57" hits="0" branch="False" />
            <line number="58" hits="0" branch="False" />
            <line number="59" hits="0" branch="False" />
            <line number="60" hits="0" branch="False" />
            <line number="67" hits="0" branch="False" />
            <line number="68" hits="0" branch="False" />
            <line number="69" hits="0" branch="False" />
            <line number="32" hits="0" branch="False" />
            <line number="33" hits="0" branch="False" />
          </lines>
        </class>
      </classes>
    </package>
  </packages>
</coverage>